238bc0b Added statement in line
825e91e Merge pull request #1 from SomashekharTC/DevOps
6028b97 Created Practice file
30210fa created gitignore
b24abfa commit all stmt
d3be7c1 created 3,4 stmnt
40ba773 created file of som
af209e2 commited stmt
f59989f commiting the file
3e06905 corrected conflcit
0497c0d added 4 lines into file
ffd62ee added 7,8 stmt into working directory
540a5f0 added 7,8 stmt into working directory
c836869 added 7,8 stmt into working directory
d66c11f created file
6d8518c created wwe for html
771f75d created Tennis
57b6902 created F1.txt in Som
3cadbff created git for a weak
15c2ac3 created Cricket for git
70c74db created sad for html
6292748 added a line for sad
f59fb12 created xyz.txt
e24623b created xyz
d2a7c1c qa
c54e9c9 created file2.txt
8cb7e23 crated file1.txt
7dd7884 created file for nthing
